<?xml version="1.0" encoding="UTF-8"?>
<!-- Generated by org.testng.reporters.JUnitXMLReporter -->
<testsuite hostname="MSI" name="Default test" tests="6" failures="2" timestamp="23 Dec 2022 08:34:21 GMT" time="37.218" errors="0">
  <testcase name="oHRMHomePageImageValidationTest" time="0.981" classname="com.OrangeHRMApplicationTestCases_PagesTest.OrangeHRMApplicationHomePageTest"/>
  <testcase name="oHRMHomePageTextValidationTest" time="0.934" classname="com.OrangeHRMApplicationTestCases_PagesTest.OrangeHRMApplicationHomePageTest"/>
  <testcase name="oHRMAddemployeeFunctionalityTest" time="4.538" classname="com.OrangeHRMApplicationTestCases_PagesTest.OrangeHRMApplicationHomePageTest"/>
  <testcase name="oHRMEmployeeListFunctionalityTest" time="4.658" classname="com.OrangeHRMApplicationTestCases_PagesTest.OrangeHRMApplicationHomePageTest">
    <failure type="java.lang.AssertionError" message="Employee List Text Not Matching expected [Employee Information] but found [Employee List]">
      <![CDATA[java.lang.AssertionError: Employee List Text Not Matching expected [Employee Information] but found [Employee List]
	at org.testng.Assert.fail(Assert.java:94)
	at org.testng.Assert.failNotEquals(Assert.java:513)
	at org.testng.Assert.assertEqualsImpl(Assert.java:135)
	at org.testng.Assert.assertEquals(Assert.java:116)
	at org.testng.Assert.assertEquals(Assert.java:190)
	at com.OrangeHRMApplicationPages.OrangeHRMApplicationHomePage.oHRMEmployeeListFunctionality(OrangeHRMApplicationHomePage.java:123)
	at com.OrangeHRMApplicationTestCases_PagesTest.OrangeHRMApplicationHomePageTest.oHRMEmployeeListFunctionalityTest(OrangeHRMApplicationHomePageTest.java:43)
	at sun.reflect.NativeMethodAccessorImpl.invoke0(Native Method)
	at sun.reflect.NativeMethodAccessorImpl.invoke(Unknown Source)
	at sun.reflect.DelegatingMethodAccessorImpl.invoke(Unknown Source)
	at java.lang.reflect.Method.invoke(Unknown Source)
	at org.testng.internal.MethodInvocationHelper.invokeMethod(MethodInvocationHelper.java:86)
	at org.testng.internal.Invoker.invokeMethod(Invoker.java:645)
	at org.testng.internal.Invoker.invokeTestMethod(Invoker.java:822)
	at org.testng.internal.Invoker.invokeTestMethods(Invoker.java:1130)
	at org.testng.internal.TestMethodWorker.invokeTestMethods(TestMethodWorker.java:129)
	at org.testng.internal.TestMethodWorker.run(TestMethodWorker.java:112)
	at org.testng.TestRunner.privateRun(TestRunner.java:782)
	at org.testng.TestRunner.run(TestRunner.java:632)
	at org.testng.SuiteRunner.runTest(SuiteRunner.java:366)
	at org.testng.SuiteRunner.runSequentially(SuiteRunner.java:361)
	at org.testng.SuiteRunner.privateRun(SuiteRunner.java:319)
	at org.testng.SuiteRunner.run(SuiteRunner.java:268)
	at org.testng.SuiteRunnerWorker.runSuite(SuiteRunnerWorker.java:52)
	at org.testng.SuiteRunnerWorker.run(SuiteRunnerWorker.java:86)
	at org.testng.TestNG.runSuitesSequentially(TestNG.java:1244)
	at org.testng.TestNG.runSuitesLocally(TestNG.java:1169)
	at org.testng.TestNG.run(TestNG.java:1064)
	at org.testng.remote.RemoteTestNG.run(RemoteTestNG.java:113)
	at org.testng.remote.RemoteTestNG.initAndRun(RemoteTestNG.java:206)
	at org.testng.remote.RemoteTestNG.main(RemoteTestNG.java:177)
]]>
    </failure>
  </testcase> <!-- oHRMEmployeeListFunctionalityTest -->
  <testcase name="oHRMCandidateFunctionalityTest" time="4.657" classname="com.OrangeHRMApplicationTestCases_PagesTest.OrangeHRMApplicationHomePageTest"/>
  <testcase name="oHRMPerformanceFunctionalityTest" time="6.42" classname="com.OrangeHRMApplicationTestCases_PagesTest.OrangeHRMApplicationHomePageTest">
    <failure type="java.lang.AssertionError" message="Performance Review Text Not Matching expected [Search Performance Review] but found []">
      <![CDATA[java.lang.AssertionError: Performance Review Text Not Matching expected [Search Performance Review] but found []
	at org.testng.Assert.fail(Assert.java:94)
	at org.testng.Assert.failNotEquals(Assert.java:513)
	at org.testng.Assert.assertEqualsImpl(Assert.java:135)
	at org.testng.Assert.assertEquals(Assert.java:116)
	at org.testng.Assert.assertEquals(Assert.java:190)
	at com.OrangeHRMApplicationPages.OrangeHRMApplicationHomePage.oHRMPerformanceFunctionality(OrangeHRMApplicationHomePage.java:161)
	at com.OrangeHRMApplicationTestCases_PagesTest.OrangeHRMApplicationHomePageTest.oHRMPerformanceFunctionalityTest(OrangeHRMApplicationHomePageTest.java:59)
	at sun.reflect.NativeMethodAccessorImpl.invoke0(Native Method)
	at sun.reflect.NativeMethodAccessorImpl.invoke(Unknown Source)
	at sun.reflect.DelegatingMethodAccessorImpl.invoke(Unknown Source)
	at java.lang.reflect.Method.invoke(Unknown Source)
	at org.testng.internal.MethodInvocationHelper.invokeMethod(MethodInvocationHelper.java:86)
	at org.testng.internal.Invoker.invokeMethod(Invoker.java:645)
	at org.testng.internal.Invoker.invokeTestMethod(Invoker.java:822)
	at org.testng.internal.Invoker.invokeTestMethods(Invoker.java:1130)
	at org.testng.internal.TestMethodWorker.invokeTestMethods(TestMethodWorker.java:129)
	at org.testng.internal.TestMethodWorker.run(TestMethodWorker.java:112)
	at org.testng.TestRunner.privateRun(TestRunner.java:782)
	at org.testng.TestRunner.run(TestRunner.java:632)
	at org.testng.SuiteRunner.runTest(SuiteRunner.java:366)
	at org.testng.SuiteRunner.runSequentially(SuiteRunner.java:361)
	at org.testng.SuiteRunner.privateRun(SuiteRunner.java:319)
	at org.testng.SuiteRunner.run(SuiteRunner.java:268)
	at org.testng.SuiteRunnerWorker.runSuite(SuiteRunnerWorker.java:52)
	at org.testng.SuiteRunnerWorker.run(SuiteRunnerWorker.java:86)
	at org.testng.TestNG.runSuitesSequentially(TestNG.java:1244)
	at org.testng.TestNG.runSuitesLocally(TestNG.java:1169)
	at org.testng.TestNG.run(TestNG.java:1064)
	at org.testng.remote.RemoteTestNG.run(RemoteTestNG.java:113)
	at org.testng.remote.RemoteTestNG.initAndRun(RemoteTestNG.java:206)
	at org.testng.remote.RemoteTestNG.main(RemoteTestNG.java:177)
]]>
    </failure>
  </testcase> <!-- oHRMPerformanceFunctionalityTest -->
</testsuite> <!-- Default test -->
