<?xml version="1.0" encoding="UTF-8"?>
<!-- Generated by org.testng.reporters.JUnitReportReporter -->
<testsuite hostname="MSI" name="com.LoginwithMultipleData.ValidatingLogOutPage" tests="3" failures="0" timestamp="25 Dec 2022 10:22:20 GMT" time="17.104" errors="0">
  <testcase name="loginFunctionalityOfOHRM" time="16.053" classname="com.LoginwithMultipleData.ValidatingLogOutPage"/>
  <testcase name="ValidatingLoginPage" time="0.836" classname="com.LoginwithMultipleData.ValidatingLogOutPage"/>
  <testcase name="logoutPageValidation" time="0.215" classname="com.LoginwithMultipleData.ValidatingLogOutPage"/>
</testsuite> <!-- com.LoginwithMultipleData.ValidatingLogOutPage -->
