<?xml version="1.0" encoding="UTF-8"?>
<!-- Generated by org.testng.reporters.JUnitXMLReporter -->
<testsuite hostname="MSI" name="AddEmployee" tests="6" failures="0" timestamp="16 Dec 2022 13:36:07 GMT" time="30.24" errors="0">
  <testcase name="ValidatingLoginPage" time="0.146" classname="com.AddEmployee.LogOutFunctionality"/>
  <testcase name="loginFunctionalityOfOHRM" time="2.201" classname="com.AddEmployee.LogOutFunctionality"/>
  <testcase name="OHRM_Homepage" time="8.158" classname="com.AddEmployee.LogOutFunctionality"/>
  <testcase name="addEmployeePageText" time="0.114" classname="com.AddEmployee.LogOutFunctionality"/>
  <testcase name="ValidatingFunctionalityOfAddEmployeeName" time="13.52" classname="com.AddEmployee.LogOutFunctionality"/>
  <testcase name="logOut" time="2.666" classname="com.AddEmployee.LogOutFunctionality"/>
</testsuite> <!-- AddEmployee -->
