<?xml version="1.0" encoding="UTF-8"?>
<!-- Generated by org.testng.reporters.JUnitXMLReporter -->
<testsuite hostname="MSI" name="EmployeeList" tests="5" failures="0" timestamp="16 Dec 2022 13:36:29 GMT" time="21.774" errors="0">
  <testcase name="ValidatingLoginPage" time="0.108" classname="com.EmployeeList.LogOutFunctionality"/>
  <testcase name="loginFunctionalityOfOHRM" time="2.189" classname="com.EmployeeList.LogOutFunctionality"/>
  <testcase name="OHRM_Homepage" time="8.534" classname="com.EmployeeList.LogOutFunctionality"/>
  <testcase name="ValidatingEmloyeeList" time="2.108" classname="com.EmployeeList.LogOutFunctionality"/>
  <testcase name="logOut" time="5.582" classname="com.EmployeeList.LogOutFunctionality"/>
</testsuite> <!-- EmployeeList -->
