<?xml version="1.0" encoding="UTF-8"?>
<!-- Generated by org.testng.reporters.JUnitXMLReporter -->
<testsuite hostname="MSI" name="LogInTest" tests="3" failures="0" timestamp="16 Dec 2022 13:35:37 GMT" time="23.253" errors="0">
  <testcase name="ValidatingLoginPage" time="0.828" classname="com.LoginwithMultipleData.ValidatingLogOutPage"/>
  <testcase name="loginFunctionalityOfOHRM" time="18.022" classname="com.LoginwithMultipleData.ValidatingLogOutPage"/>
  <testcase name="logoutPageValidation" time="0.222" classname="com.LoginwithMultipleData.ValidatingLogOutPage"/>
</testsuite> <!-- LogInTest -->
