<?xml version="1.0" encoding="UTF-8"?>
<!-- Generated by org.testng.reporters.JUnitXMLReporter -->
<testsuite hostname="MSI" name="addEmployee" tests="4" failures="0" timestamp="28 Aug 2023 12:10:23 GMT" time="22.668" errors="0">
  <testcase name="LoginPageValidation" time="1.094" classname="com.AddEmployeeFunctionality.LogOut"/>
  <testcase name="validatingAddEmployeePage" time="2.436" classname="com.AddEmployeeFunctionality.LogOut"/>
  <testcase name="addingEmployee" time="14.859" classname="com.AddEmployeeFunctionality.LogOut"/>
  <testcase name="logOutFunctionality" time="2.58" classname="com.AddEmployeeFunctionality.LogOut"/>
</testsuite> <!-- addEmployee -->
