<?xml version="1.0" encoding="UTF-8"?>
<!-- Generated by org.testng.reporters.JUnitXMLReporter -->
<testsuite hostname="MSI" name="loginTest" tests="3" failures="0" timestamp="28 Aug 2023 12:10:00 GMT" time="20.138" errors="0">
  <testcase name="loginPage" time="0.64" classname="com.LoginFunctionality.LogOutValidation"/>
  <testcase name="LoginFunctionalityOfOrangeHRM" time="17.061" classname="com.LoginFunctionality.LogOutValidation"/>
  <testcase name="logOutValidationOfOHRM" time="0.19" classname="com.LoginFunctionality.LogOutValidation"/>
</testsuite> <!-- loginTest -->
