<?xml version="1.0" encoding="UTF-8"?>
<!-- Generated by org.testng.reporters.JUnitXMLReporter -->
<testsuite hostname="MSI" name="AddEmployee" tests="6" failures="0" timestamp="25 Dec 2022 10:22:01 GMT" time="20.112" errors="0">
  <testcase name="ValidatingLoginPage" time="0.106" classname="com.AddEmployee.LogOutFunctionality"/>
  <testcase name="loginFunctionalityOfOHRM" time="1.134" classname="com.AddEmployee.LogOutFunctionality"/>
  <testcase name="OHRM_Homepage" time="5.712" classname="com.AddEmployee.LogOutFunctionality"/>
  <testcase name="addEmployeePageText" time="0.086" classname="com.AddEmployee.LogOutFunctionality"/>
  <testcase name="ValidatingFunctionalityOfAddEmployeeName" time="8.106" classname="com.AddEmployee.LogOutFunctionality"/>
  <testcase name="logOut" time="2.309" classname="com.AddEmployee.LogOutFunctionality"/>
</testsuite> <!-- AddEmployee -->
