<?xml version="1.0" encoding="UTF-8"?>
<!-- Generated by org.testng.reporters.JUnitXMLReporter -->
<testsuite hostname="MSI" name="EmployeeList" tests="5" failures="0" timestamp="25 Dec 2022 10:22:20 GMT" time="18.978" errors="0">
  <testcase name="ValidatingLoginPage" time="0.075" classname="com.EmployeeList.LogOutFunctionality"/>
  <testcase name="loginFunctionalityOfOHRM" time="1.102" classname="com.EmployeeList.LogOutFunctionality"/>
  <testcase name="OHRM_Homepage" time="7.854" classname="com.EmployeeList.LogOutFunctionality"/>
  <testcase name="ValidatingEmloyeeList" time="2.067" classname="com.EmployeeList.LogOutFunctionality"/>
  <testcase name="logOut" time="5.164" classname="com.EmployeeList.LogOutFunctionality"/>
</testsuite> <!-- EmployeeList -->
