<?xml version="1.0" encoding="UTF-8"?>
<!-- Generated by org.testng.reporters.JUnitXMLReporter -->
<testsuite hostname="MSI" name="LogInTest" tests="3" failures="0" timestamp="25 Dec 2022 10:21:41 GMT" time="20.426" errors="0">
  <testcase name="ValidatingLoginPage" time="0.836" classname="com.LoginwithMultipleData.ValidatingLogOutPage"/>
  <testcase name="loginFunctionalityOfOHRM" time="16.053" classname="com.LoginwithMultipleData.ValidatingLogOutPage"/>
  <testcase name="logoutPageValidation" time="0.215" classname="com.LoginwithMultipleData.ValidatingLogOutPage"/>
</testsuite> <!-- LogInTest -->
