<?xml version="1.0" encoding="UTF-8"?>
<!-- Generated by org.testng.reporters.JUnitXMLReporter -->
<testsuite hostname="MSI" name="Test" tests="4" failures="0" timestamp="29 Aug 2023 14:03:45 GMT" time="20.957" errors="0">
  <testcase name="loginValidation" time="0.758" classname="com.AddEmployee.LogoutValidation"/>
  <testcase name="homeValidation" time="1.619" classname="com.AddEmployee.LogoutValidation"/>
  <testcase name="addEmployee" time="12.444" classname="com.AddEmployee.LogoutValidation"/>
  <testcase name="logOutValidation" time="2.455" classname="com.AddEmployee.LogoutValidation"/>
</testsuite> <!-- Test -->
