<?xml version="1.0" encoding="UTF-8"?>
<!-- Generated by org.testng.reporters.JUnitXMLReporter -->
<testsuite hostname="MSI" name="Default test" tests="5" failures="0" timestamp="25 Dec 2022 10:20:16 GMT" time="20.438" errors="0">
  <testcase name="ValidatingLoginPage" time="0.615" classname="com.EmployeeList.LogOutFunctionality"/>
  <testcase name="loginFunctionalityOfOHRM" time="1.253" classname="com.EmployeeList.LogOutFunctionality"/>
  <testcase name="OHRM_Homepage" time="7.938" classname="com.EmployeeList.LogOutFunctionality"/>
  <testcase name="ValidatingEmloyeeList" time="2.1" classname="com.EmployeeList.LogOutFunctionality"/>
  <testcase name="logOut" time="5.197" classname="com.EmployeeList.LogOutFunctionality"/>
</testsuite> <!-- Default test -->
