<?xml version="1.0" encoding="UTF-8"?>
<!-- Generated by org.testng.reporters.JUnitXMLReporter -->
<testsuite hostname="MSI" name="Default test" tests="3" failures="0" timestamp="15 Jun 2023 08:00:35 GMT" time="18.913" errors="0">
  <testcase name="ValidatingLoginPage" time="0.576" classname="com.LoginwithMultipleData.ValidatingLogOutPage"/>
  <testcase name="loginFunctionalityOfOHRM" time="15.2" classname="com.LoginwithMultipleData.ValidatingLogOutPage"/>
  <testcase name="logoutPageValidation" time="0.168" classname="com.LoginwithMultipleData.ValidatingLogOutPage"/>
</testsuite> <!-- Default test -->
