<?xml version="1.0" encoding="UTF-8"?>
<!-- Generated by org.testng.reporters.JUnitXMLReporter -->
<testsuite hostname="MSI" name="HomePageTest" tests="6" failures="0" timestamp="23 Dec 2022 14:25:22 GMT" time="45.754" errors="0">
  <testcase name="oHRMHomePageImageValidationTest" time="1.516" classname="com.OrangeHRMApplicationTestCases_PagesTest.OrangeHRMApplicationHomePageTest"/>
  <testcase name="oHRMHomePageTextValidationTest" time="1.553" classname="com.OrangeHRMApplicationTestCases_PagesTest.OrangeHRMApplicationHomePageTest"/>
  <testcase name="oHRMAddemployeeFunctionalityTest" time="5.36" classname="com.OrangeHRMApplicationTestCases_PagesTest.OrangeHRMApplicationHomePageTest"/>
  <testcase name="oHRMEmployeeListFunctionalityTest" time="5.655" classname="com.OrangeHRMApplicationTestCases_PagesTest.OrangeHRMApplicationHomePageTest"/>
  <testcase name="oHRMCandidateFunctionalityTest" time="5.516" classname="com.OrangeHRMApplicationTestCases_PagesTest.OrangeHRMApplicationHomePageTest"/>
  <testcase name="oHRMPerformanceFunctionalityTest" time="7.482" classname="com.OrangeHRMApplicationTestCases_PagesTest.OrangeHRMApplicationHomePageTest"/>
</testsuite> <!-- HomePageTest -->
