<?xml version="1.0" encoding="UTF-8"?>
<!-- Generated by org.testng.reporters.JUnitXMLReporter -->
<testsuite hostname="MSI" name="LogInPageTest" tests="3" failures="0" timestamp="23 Dec 2022 14:26:59 GMT" time="12.924" errors="0">
  <testcase name="OHRMLoginPageImageValidationTest" time="0.105" classname="com.OrangeHRMApplicationTestCases_PagesTest.OrangeHRMApplicationLoginPageTest"/>
  <testcase name="OHRMLoginPagetextValidationTest" time="0.072" classname="com.OrangeHRMApplicationTestCases_PagesTest.OrangeHRMApplicationLoginPageTest"/>
  <testcase name="OHRMLoginFuctionalityTest" time="2.313" classname="com.OrangeHRMApplicationTestCases_PagesTest.OrangeHRMApplicationLoginPageTest"/>
</testsuite> <!-- LogInPageTest -->
