<?xml version="1.0" encoding="UTF-8"?>
<testng-results skipped="0" failed="0" total="1" passed="1">
  <reporter-output>
  </reporter-output>
  <suite name="Default suite" duration-ms="14397" started-at="2022-12-25T15:19:31Z" finished-at="2022-12-25T15:19:46Z">
    <groups>
    </groups>
    <test name="Default test" duration-ms="14397" started-at="2022-12-25T15:19:31Z" finished-at="2022-12-25T15:19:46Z">
      <class name="com.Loginfunctionality.FacebookAccount">
        <test-method status="PASS" signature="setUp()[pri:0, instance:com.Loginfunctionality.FacebookAccount@1134affc]" name="setUp" is-config="true" duration-ms="3542" started-at="2022-12-25T20:49:31Z" finished-at="2022-12-25T20:49:35Z">
          <reporter-output>
          </reporter-output>
        </test-method> <!-- setUp -->
        <test-method status="PASS" signature="accountCreation()[pri:0, instance:com.Loginfunctionality.FacebookAccount@1134affc]" name="accountCreation" duration-ms="10848" started-at="2022-12-25T20:49:35Z" finished-at="2022-12-25T20:49:46Z">
          <reporter-output>
          </reporter-output>
        </test-method> <!-- accountCreation -->
        <test-method status="PASS" signature="tearDown()[pri:0, instance:com.Loginfunctionality.FacebookAccount@1134affc]" name="tearDown" is-config="true" duration-ms="0" started-at="2022-12-25T20:49:46Z" finished-at="2022-12-25T20:49:46Z">
          <reporter-output>
          </reporter-output>
        </test-method> <!-- tearDown -->
      </class> <!-- com.Loginfunctionality.FacebookAccount -->
    </test> <!-- Default test -->
  </suite> <!-- Default suite -->
</testng-results>
