<?xml version="1.0" encoding="UTF-8"?>
<!-- Generated by org.testng.reporters.JUnitXMLReporter -->
<testsuite hostname="MSI" name="Default test" tests="3" failures="0" timestamp="28 Jul 2023 12:35:00 GMT" time="26.634" errors="0">
  <testcase name="loginPage" time="0.778" classname="com.LoginFunctionality.LogOutValidation"/>
  <testcase name="LoginFunctionalityOfOrangeHRM" time="19.792" classname="com.LoginFunctionality.LogOutValidation"/>
  <testcase name="logOutValidationOfOHRM" time="0.213" classname="com.LoginFunctionality.LogOutValidation"/>
</testsuite> <!-- Default test -->
