<?xml version="1.0" encoding="UTF-8"?>
<!-- Generated by org.testng.reporters.JUnitReportReporter -->
<testsuite hostname="MSI" name="com.OrangeHRMApplicationTestCases_PagesTest.OrangeHRMApplicationHomePageTest" tests="6" failures="0" timestamp="23 Dec 2022 14:25:22 GMT" time="45.752" errors="0">
  <testcase name="oHRMAddemployeeFunctionalityTest" time="8.398" classname="com.OrangeHRMApplicationTestCases_PagesTest.OrangeHRMApplicationHomePageTest"/>
  <testcase name="oHRMEmployeeListFunctionalityTest" time="8.669" classname="com.OrangeHRMApplicationTestCases_PagesTest.OrangeHRMApplicationHomePageTest"/>
  <testcase name="oHRMHomePageImageValidationTest" time="4.539" classname="com.OrangeHRMApplicationTestCases_PagesTest.OrangeHRMApplicationHomePageTest"/>
  <testcase name="oHRMHomePageTextValidationTest" time="4.899" classname="com.OrangeHRMApplicationTestCases_PagesTest.OrangeHRMApplicationHomePageTest"/>
  <testcase name="oHRMCandidateFunctionalityTest" time="8.454" classname="com.OrangeHRMApplicationTestCases_PagesTest.OrangeHRMApplicationHomePageTest"/>
  <testcase name="oHRMPerformanceFunctionalityTest" time="10.793" classname="com.OrangeHRMApplicationTestCases_PagesTest.OrangeHRMApplicationHomePageTest"/>
</testsuite> <!-- com.OrangeHRMApplicationTestCases_PagesTest.OrangeHRMApplicationHomePageTest -->
