<?xml version="1.0" encoding="UTF-8"?>
<!-- Generated by org.testng.reporters.JUnitXMLReporter -->
<testsuite hostname="MSI" name="LoginTest" tests="3" failures="0" timestamp="29 Aug 2023 14:02:07 GMT" time="9.344" errors="0">
  <testcase name="loginpageValidation" time="0.601" classname="com.Login.LogoutPageValidation"/>
  <testcase name="loginFunctionality" time="5.467" classname="com.Login.LogoutPageValidation"/>
  <testcase name="logoutValidation" time="0.072" classname="com.Login.LogoutPageValidation"/>
</testsuite> <!-- LoginTest -->
