<?xml version="1.0" encoding="UTF-8"?>
<!-- Generated by org.testng.reporters.JUnitXMLReporter -->
<testsuite hostname="MSI" name="Default test" tests="4" failures="0" timestamp="29 Aug 2023 13:33:31 GMT" time="26.24" errors="0">
  <testcase name="loginValidation" time="0.658" classname="com.AddEmployee.LogoutValidation"/>
  <testcase name="homeValidation" time="3.686" classname="com.AddEmployee.LogoutValidation"/>
  <testcase name="addEmployee" time="11.767" classname="com.AddEmployee.LogoutValidation"/>
  <testcase name="logOutValidation" time="2.239" classname="com.AddEmployee.LogoutValidation"/>
</testsuite> <!-- Default test -->
