<?xml version="1.0" encoding="UTF-8"?>
<!-- Generated by org.testng.reporters.JUnitXMLReporter -->
<testsuite hostname="MSI" name="AddEmployee" tests="6" failures="0" timestamp="25 Dec 2022 06:36:00 GMT" time="21.007" errors="0">
  <testcase name="ValidatingLoginPage" time="0.082" classname="com.AddEmployee.LogOutFunctionality"/>
  <testcase name="loginFunctionalityOfOHRM" time="0.951" classname="com.AddEmployee.LogOutFunctionality"/>
  <testcase name="OHRM_Homepage" time="5.538" classname="com.AddEmployee.LogOutFunctionality"/>
  <testcase name="addEmployeePageText" time="0.067" classname="com.AddEmployee.LogOutFunctionality"/>
  <testcase name="ValidatingFunctionalityOfAddEmployeeName" time="9.877" classname="com.AddEmployee.LogOutFunctionality"/>
  <testcase name="logOut" time="2.124" classname="com.AddEmployee.LogOutFunctionality"/>
</testsuite> <!-- AddEmployee -->
