<?xml version="1.0" encoding="UTF-8"?>
<!-- Generated by org.testng.reporters.JUnitXMLReporter -->
<testsuite hostname="MSI" name="EmployeeList" tests="5" failures="0" timestamp="25 Dec 2022 06:36:18 GMT" time="18.009" errors="0">
  <testcase name="ValidatingLoginPage" time="0.06" classname="com.EmployeeList.LogOutFunctionality"/>
  <testcase name="loginFunctionalityOfOHRM" time="0.871" classname="com.EmployeeList.LogOutFunctionality"/>
  <testcase name="OHRM_Homepage" time="7.688" classname="com.EmployeeList.LogOutFunctionality"/>
  <testcase name="ValidatingEmloyeeList" time="2.06" classname="com.EmployeeList.LogOutFunctionality"/>
  <testcase name="logOut" time="4.989" classname="com.EmployeeList.LogOutFunctionality"/>
</testsuite> <!-- EmployeeList -->
