<?xml version="1.0" encoding="UTF-8"?>
<!-- Generated by org.testng.reporters.JUnitXMLReporter -->
<testsuite hostname="MSI" name="LogInTest" tests="3" failures="0" timestamp="25 Dec 2022 06:35:39 GMT" time="18.648" errors="0">
  <testcase name="ValidatingLoginPage" time="0.577" classname="com.LoginwithMultipleData.ValidatingLogOutPage"/>
  <testcase name="loginFunctionalityOfOHRM" time="15.014" classname="com.LoginwithMultipleData.ValidatingLogOutPage"/>
  <testcase name="logoutPageValidation" time="0.15" classname="com.LoginwithMultipleData.ValidatingLogOutPage"/>
</testsuite> <!-- LogInTest -->
